GROUP,PACKAGE,CLASS,INSTRUCTION_MISSED,INSTRUCTION_COVERED,BRANCH_MISSED,BRANCH_COVERED,LINE_MISSED,LINE_COVERED,COMPLEXITY_MISSED,COMPLEXITY_COVERED,METHOD_MISSED,METHOD_COVERED
org.eclipse.papyrus.sysml14.diagram.blockdefinition.tests,org.eclipse.papyrus.sysml14.diagram.blockdefinition.tests.resources,DocModelTest,92,29,2,0,16,6,4,2,3,2
org.eclipse.papyrus.sysml14.diagram.blockdefinition.tests,org.eclipse.papyrus.sysml14.diagram.blockdefinition.tests.resources,ViewpointModelTest,29,0,0,0,6,0,2,0,2,0
org.eclipse.papyrus.sysml14.diagram.blockdefinition.tests,org.eclipse.papyrus.sysml14.diagram.blockdefinition.tests.resources,ExpansionModelTest,13,95,1,1,2,20,1,4,0,4
org.eclipse.papyrus.sysml14.diagram.blockdefinition.tests,org.eclipse.papyrus.sysml14.diagram.blockdefinition.tests.resources,CssModelTest,29,0,0,0,6,0,2,0,2,0
