GROUP,PACKAGE,CLASS,INSTRUCTION_MISSED,INSTRUCTION_COVERED,BRANCH_MISSED,BRANCH_COVERED,LINE_MISSED,LINE_COVERED,COMPLEXITY_MISSED,COMPLEXITY_COVERED,METHOD_MISSED,METHOD_COVERED
org.eclipse.papyrus.sysml14.service.types.tests,org.eclipse.papyrus.sysml14.service.types.tests,SysML14ElementTypesExtensionTest,26,141,0,8,5,40,1,16,1,12
org.eclipse.papyrus.sysml14.service.types.tests,org.eclipse.papyrus.sysml14.service.types.tests,SysML14ElementTypesTest,0,454,0,0,0,151,0,74,0,74
org.eclipse.papyrus.sysml14.service.types.tests,org.eclipse.papyrus.sysml14.service.types.tests.command,CreateAssociationCommandTest,0,265,0,0,0,61,0,4,0,4
org.eclipse.papyrus.sysml14.service.types.tests,org.eclipse.papyrus.sysml14.service.types.tests.command,SetNestedPathCommandTest,0,209,0,0,0,46,0,4,0,4
org.eclipse.papyrus.sysml14.service.types.tests,org.eclipse.papyrus.sysml14.service.types.tests.advice,ConformCreationEditHelperAdviceTest,0,95,0,0,0,22,0,4,0,4
org.eclipse.papyrus.sysml14.service.types.tests,org.eclipse.papyrus.sysml14.service.types.tests.advice,ConformReorientEditHelperAdviceTest,0,194,0,0,0,35,0,4,0,4
org.eclipse.papyrus.sysml14.service.types.tests,org.eclipse.papyrus.sysml14.service.types.tests.advice,DirectedRelationshipPropertyPathEditHelperAdviceTest,0,54,0,0,0,15,0,4,0,4
org.eclipse.papyrus.sysml14.service.types.tests,org.eclipse.papyrus.sysml14.service.types.tests.util,SysMLServiceTypeUtilTest,33,51,1,3,5,15,1,4,0,3
