<?xml version="1.0" encoding="UTF-8" standalone="yes"?><!DOCTYPE report PUBLIC "-//JACOCO//DTD Report 1.0//EN" "report.dtd"><report name="org.eclipse.papyrus.sysml14.diagram.requirement"><sessioninfo id="hipp9-4d0c5cd" start="1464849615845" dump="1464849632605"/><sessioninfo id="hipp9-902531f5" start="1464849669890" dump="1464849675413"/><sessioninfo id="hipp9-dac8901d" start="1464849700481" dump="1464849717963"/><sessioninfo id="hipp9-33aca7b0" start="1464849740113" dump="1464851798797"/><sessioninfo id="hipp9-10036690" start="1464851831326" dump="1464851845414"/><sessioninfo id="hipp9-352d1dbf" start="1464851865982" dump="1464851880606"/><sessioninfo id="hipp9-824f8858" start="1464851901365" dump="1464851912618"/><sessioninfo id="hipp9-81cd24d2" start="1464851934557" dump="1464851948929"/><package name="org/eclipse/papyrus/sysml14/diagram/requirement"><class name="org/eclipse/papyrus/sysml14/diagram/requirement/Activator"><method name="&lt;init&gt;" desc="()V" line="17"><counter type="INSTRUCTION" missed="3" covered="0"/><counter type="LINE" missed="1" covered="0"/><counter type="COMPLEXITY" missed="1" covered="0"/><counter type="METHOD" missed="1" covered="0"/></method><method name="getImageDescriptor" desc="(Ljava/lang/String;)Lorg/eclipse/jface/resource/ImageDescriptor;" line="31"><counter type="INSTRUCTION" missed="4" covered="0"/><counter type="LINE" missed="1" covered="0"/><counter type="COMPLEXITY" missed="1" covered="0"/><counter type="METHOD" missed="1" covered="0"/></method><counter type="INSTRUCTION" missed="7" covered="0"/><counter type="LINE" missed="2" covered="0"/><counter type="COMPLEXITY" missed="2" covered="0"/><counter type="METHOD" missed="2" covered="0"/><counter type="CLASS" missed="1" covered="0"/></class><sourcefile name="Activator.java"><line nr="17" mi="3" ci="0" mb="0" cb="0"/><line nr="31" mi="4" ci="0" mb="0" cb="0"/><counter type="INSTRUCTION" missed="7" covered="0"/><counter type="LINE" missed="2" covered="0"/><counter type="COMPLEXITY" missed="2" covered="0"/><counter type="METHOD" missed="2" covered="0"/><counter type="CLASS" missed="1" covered="0"/></sourcefile><counter type="INSTRUCTION" missed="7" covered="0"/><counter type="LINE" missed="2" covered="0"/><counter type="COMPLEXITY" missed="2" covered="0"/><counter type="METHOD" missed="2" covered="0"/><counter type="CLASS" missed="1" covered="0"/></package><counter type="INSTRUCTION" missed="7" covered="0"/><counter type="LINE" missed="2" covered="0"/><counter type="COMPLEXITY" missed="2" covered="0"/><counter type="METHOD" missed="2" covered="0"/><counter type="CLASS" missed="1" covered="0"/></report>