GROUP,PACKAGE,CLASS,INSTRUCTION_MISSED,INSTRUCTION_COVERED,BRANCH_MISSED,BRANCH_COVERED,LINE_MISSED,LINE_COVERED,COMPLEXITY_MISSED,COMPLEXITY_COVERED,METHOD_MISSED,METHOD_COVERED
org.eclipse.papyrus.sysml14.nattable.ui,org.eclipse.papyrus.sysml14.nattable.handlers.allocation,CreateAllocateHandler,42,0,6,0,11,0,5,0,2,0
org.eclipse.papyrus.sysml14.nattable.ui,org.eclipse.papyrus.sysml14.service.types.filter,SysmlCommandFilter,98,0,2,0,20,0,4,0,3,0
org.eclipse.papyrus.sysml14.nattable.ui,org.eclipse.papyrus.sysml14.nattable.ui,Activator,3,0,0,0,1,0,1,0,1,0
org.eclipse.papyrus.sysml14.nattable.ui,org.eclipse.papyrus.sysml14.nattable.allocation.tester,AllocationPropertyTester,27,0,6,0,5,0,5,0,2,0
org.eclipse.papyrus.sysml14.nattable.ui,org.eclipse.papyrus.sysml14.nattable.menu.handlers,ValueTypeHandler,7,0,0,0,2,0,2,0,2,0
org.eclipse.papyrus.sysml14.nattable.ui,org.eclipse.papyrus.sysml14.nattable.menu.handlers,ReferencePropertyHandler,62,0,8,0,19,0,7,0,3,0
org.eclipse.papyrus.sysml14.nattable.ui,org.eclipse.papyrus.sysml14.nattable.menu.handlers,FlowSpecificationHandler,7,0,0,0,2,0,2,0,2,0
org.eclipse.papyrus.sysml14.nattable.ui,org.eclipse.papyrus.sysml14.nattable.menu.handlers,ConstraintBlockHandler,7,0,0,0,2,0,2,0,2,0
org.eclipse.papyrus.sysml14.nattable.ui,org.eclipse.papyrus.sysml14.nattable.menu.handlers,FlowPort_NAHandler,58,0,8,0,18,0,6,0,2,0
org.eclipse.papyrus.sysml14.nattable.ui,org.eclipse.papyrus.sysml14.nattable.menu.handlers,ConstraintBlockParameterHandler,75,0,8,0,21,0,7,0,3,0
org.eclipse.papyrus.sysml14.nattable.ui,org.eclipse.papyrus.sysml14.nattable.menu.handlers,ViewHandler,7,0,0,0,2,0,2,0,2,0
org.eclipse.papyrus.sysml14.nattable.ui,org.eclipse.papyrus.sysml14.nattable.menu.handlers,ViewPointHandler,7,0,0,0,2,0,2,0,2,0
org.eclipse.papyrus.sysml14.nattable.ui,org.eclipse.papyrus.sysml14.nattable.menu.handlers,UnitHandler,7,0,0,0,2,0,2,0,2,0
org.eclipse.papyrus.sysml14.nattable.ui,org.eclipse.papyrus.sysml14.nattable.menu.handlers,RationaleHandler,7,0,0,0,2,0,2,0,2,0
org.eclipse.papyrus.sysml14.nattable.ui,org.eclipse.papyrus.sysml14.nattable.menu.handlers,ProblemHandler,7,0,0,0,2,0,2,0,2,0
org.eclipse.papyrus.sysml14.nattable.ui,org.eclipse.papyrus.sysml14.nattable.menu.handlers,FlowPortHandler,7,0,0,0,2,0,2,0,2,0
org.eclipse.papyrus.sysml14.nattable.ui,org.eclipse.papyrus.sysml14.nattable.menu.handlers,SysmlNattableCreateMenu,26,0,2,0,6,0,3,0,2,0
org.eclipse.papyrus.sysml14.nattable.ui,org.eclipse.papyrus.sysml14.nattable.menu.handlers,ConstraintPropertyHandler,7,0,0,0,2,0,2,0,2,0
org.eclipse.papyrus.sysml14.nattable.ui,org.eclipse.papyrus.sysml14.nattable.menu.handlers,PartPropertyHandler,62,0,8,0,19,0,7,0,3,0
org.eclipse.papyrus.sysml14.nattable.ui,org.eclipse.papyrus.sysml14.nattable.menu.handlers,AbstractSysmlNattableCreateCommandHandler,48,0,6,0,16,0,7,0,4,0
org.eclipse.papyrus.sysml14.nattable.ui,org.eclipse.papyrus.sysml14.nattable.menu.handlers,VerifyHandler,7,0,0,0,2,0,2,0,2,0
org.eclipse.papyrus.sysml14.nattable.ui,org.eclipse.papyrus.sysml14.nattable.menu.handlers,BlockHandler,7,0,0,0,2,0,2,0,2,0
org.eclipse.papyrus.sysml14.nattable.ui,org.eclipse.papyrus.sysml14.nattable.menu.handlers,FlowPropertyHandler,7,0,0,0,2,0,2,0,2,0
org.eclipse.papyrus.sysml14.nattable.ui,org.eclipse.papyrus.sysml14.nattable.menu.handlers,ValuePropertyHandler,62,0,8,0,19,0,7,0,3,0
org.eclipse.papyrus.sysml14.nattable.ui,org.eclipse.papyrus.sysml14.nattable.menu.handlers,AllocateHandler,7,0,0,0,2,0,2,0,2,0
org.eclipse.papyrus.sysml14.nattable.ui,org.eclipse.papyrus.sysml14.nattable.menu.handlers,RequirementHandler,7,0,0,0,2,0,2,0,2,0
org.eclipse.papyrus.sysml14.nattable.ui,org.eclipse.papyrus.sysml14.nattable.menu.handlers,ActorPartPropertyHandler,62,0,8,0,19,0,7,0,3,0
org.eclipse.papyrus.sysml14.nattable.ui,org.eclipse.papyrus.sysml14.nattable.menu,AbstractSysmlCreateElementCommandHandler,8,0,0,0,3,0,3,0,3,0
org.eclipse.papyrus.sysml14.nattable.ui,org.eclipse.papyrus.sysml14.nattable.menu,AbstractCreateSysmlChildMenu,4,0,0,0,2,0,1,0,1,0
