GROUP,PACKAGE,CLASS,INSTRUCTION_MISSED,INSTRUCTION_COVERED,BRANCH_MISSED,BRANCH_COVERED,LINE_MISSED,LINE_COVERED,COMPLEXITY_MISSED,COMPLEXITY_COVERED,METHOD_MISSED,METHOD_COVERED
org.eclipse.papyrus.sysml14.nattable.allocation.tests,org.eclipse.papyrus.sysml14.nattable.allocation.tests.resources,AllocationTableConfiguration,29,0,0,0,6,0,2,0,2,0
org.eclipse.papyrus.sysml14.nattable.allocation.tests,org.eclipse.papyrus.sysml14.nattable.allocation.tests.resources,AllocationNattableTest,14,56,1,1,2,10,1,3,0,3
org.eclipse.papyrus.sysml14.nattable.allocation.tests,org.eclipse.papyrus.sysml14.nattable.allocation.tests.tester,TableAllocationCreationTesterTest,0,18,0,0,0,5,0,2,0,2
