GROUP,PACKAGE,CLASS,INSTRUCTION_MISSED,INSTRUCTION_COVERED,BRANCH_MISSED,BRANCH_COVERED,LINE_MISSED,LINE_COVERED,COMPLEXITY_MISSED,COMPLEXITY_COVERED,METHOD_MISSED,METHOD_COVERED
org.eclipse.papyrus.sysml14,org.eclipse.papyrus.sysml14.blocks.internal.impl,ClassifierBehaviorPropertyImpl,118,0,22,0,33,0,20,0,9,0
org.eclipse.papyrus.sysml14,org.eclipse.papyrus.sysml14.blocks.internal.impl,ParticipantPropertyImpl,204,0,40,0,53,0,34,0,12,0
org.eclipse.papyrus.sysml14,org.eclipse.papyrus.sysml14.blocks.internal.impl,ValueTypeImpl,240,50,50,8,58,15,41,7,10,5
org.eclipse.papyrus.sysml14,org.eclipse.papyrus.sysml14.blocks.internal.impl,NestedConnectorEndImpl,106,12,21,1,27,6,17,3,6,3
org.eclipse.papyrus.sysml14,org.eclipse.papyrus.sysml14.blocks.internal.impl,DistributedPropertyImpl,118,0,22,0,33,0,20,0,9,0
org.eclipse.papyrus.sysml14,org.eclipse.papyrus.sysml14.blocks.internal.impl,ElementPropertyPathImpl,183,31,48,2,43,10,36,3,9,3
org.eclipse.papyrus.sysml14,org.eclipse.papyrus.sysml14.blocks.internal.impl,BlocksPackageImpl,20,1533,9,13,1,206,10,53,1,51
org.eclipse.papyrus.sysml14,org.eclipse.papyrus.sysml14.blocks.internal.impl,PropertySpecificTypeImpl,118,0,22,0,33,0,20,0,9,0
org.eclipse.papyrus.sysml14,org.eclipse.papyrus.sysml14.blocks.internal.impl,BlockImpl,165,53,28,6,44,16,30,6,10,6
org.eclipse.papyrus.sysml14,org.eclipse.papyrus.sysml14.blocks.internal.impl,AdjunctPropertyImpl,204,0,40,0,53,0,34,0,12,0
org.eclipse.papyrus.sysml14,org.eclipse.papyrus.sysml14.blocks.internal.impl,ConnectorPropertyImpl,204,0,40,0,53,0,34,0,12,0
org.eclipse.papyrus.sysml14,org.eclipse.papyrus.sysml14.blocks.internal.impl,DirectedRelationshipPropertyPathImpl,451,31,112,2,103,10,83,3,18,3
org.eclipse.papyrus.sysml14,org.eclipse.papyrus.sysml14.blocks.internal.impl,BlocksFactoryImpl,103,48,9,6,31,17,20,10,11,6
org.eclipse.papyrus.sysml14,org.eclipse.papyrus.sysml14.blocks.internal.impl,BindingConnectorImpl,85,33,20,2,22,11,16,4,5,4
org.eclipse.papyrus.sysml14,org.eclipse.papyrus.sysml14.blocks.internal.impl,BoundReferenceImpl,158,43,42,4,38,13,32,5,7,5
org.eclipse.papyrus.sysml14,org.eclipse.papyrus.sysml14.blocks.internal.impl,EndPathMultiplicityImpl,215,37,38,2,55,12,35,3,11,3
org.eclipse.papyrus.sysml14,org.eclipse.papyrus.sysml14.modelelements,StakeholderCustomImpl,0,37,3,5,0,9,3,3,0,2
org.eclipse.papyrus.sysml14,org.eclipse.papyrus.sysml14.modelelements,ModelelementsFactory,0,3,0,0,0,1,0,1,0,1
org.eclipse.papyrus.sysml14,org.eclipse.papyrus.sysml14.modelelements,ModelelementsFactoryCustomImpl,0,19,0,0,0,5,0,5,0,5
org.eclipse.papyrus.sysml14,org.eclipse.papyrus.sysml14.modelelements,ModelelementsPackage,0,3,0,0,0,2,0,1,0,1
org.eclipse.papyrus.sysml14,org.eclipse.papyrus.sysml14.modelelements,ViewpointCustomImpl,0,85,6,8,0,21,6,4,0,3
org.eclipse.papyrus.sysml14,org.eclipse.papyrus.sysml14.modelelements,ViewCustomImpl,0,86,7,11,0,24,7,5,0,3
org.eclipse.papyrus.sysml14,org.eclipse.papyrus.sysml14.modelelements,ElementGroupCustomImpl,9,44,4,2,4,12,4,4,1,4
org.eclipse.papyrus.sysml14,org.eclipse.papyrus.sysml14.modelelements,ModelelementsPackage.Literals,0,109,0,0,0,36,0,1,0,1
org.eclipse.papyrus.sysml14,org.eclipse.papyrus.sysml14.deprecatedelements.internal.impl,DeprecatedelementsFactoryImpl,40,21,2,3,10,8,6,4,4,3
org.eclipse.papyrus.sysml14,org.eclipse.papyrus.sysml14.deprecatedelements.internal.impl,DeprecatedelementsPackageImpl,20,434,9,13,1,82,10,16,1,14
org.eclipse.papyrus.sysml14,org.eclipse.papyrus.sysml14.deprecatedelements.internal.impl,FlowSpecificationImpl,89,43,20,4,24,13,18,5,6,5
org.eclipse.papyrus.sysml14,org.eclipse.papyrus.sysml14.deprecatedelements.internal.impl,FlowPortImpl,164,75,34,6,44,22,33,8,9,8
org.eclipse.papyrus.sysml14,org.eclipse.papyrus.sysml14.constraintblocks.util,ConstraintblocksSwitch,47,0,10,0,15,0,11,0,6,0
org.eclipse.papyrus.sysml14,org.eclipse.papyrus.sysml14.constraintblocks.util,ConstraintblocksAdapterFactory.new ConstraintblocksSwitch() {...},18,0,0,0,5,0,4,0,4,0
org.eclipse.papyrus.sysml14,org.eclipse.papyrus.sysml14.constraintblocks.util,ConstraintblocksAdapterFactory,46,0,8,0,15,0,10,0,6,0
org.eclipse.papyrus.sysml14,org.eclipse.papyrus.sysml14.portsandflows.util,PortsandflowsAdapterFactory.new PortsandflowsSwitch() {...},58,0,0,0,15,0,14,0,14,0
org.eclipse.papyrus.sysml14,org.eclipse.papyrus.sysml14.portsandflows.util,PortsandflowsAdapterFactory,66,0,8,0,25,0,20,0,16,0
org.eclipse.papyrus.sysml14,org.eclipse.papyrus.sysml14.portsandflows.util,PortsandflowsSwitch,214,0,41,0,63,0,41,0,16,0
org.eclipse.papyrus.sysml14,org.eclipse.papyrus.sysml14.portsandflows.internal.impl,FlowPropertyImpl,139,75,30,6,36,21,27,8,7,8
org.eclipse.papyrus.sysml14,org.eclipse.papyrus.sysml14.portsandflows.internal.impl,AcceptChangeStructuralFeatureEventActionImpl,118,0,22,0,33,0,20,0,9,0
org.eclipse.papyrus.sysml14,org.eclipse.papyrus.sysml14.portsandflows.internal.impl,TriggerOnNestedPortImpl,206,0,46,0,51,0,37,0,12,0
org.eclipse.papyrus.sysml14,org.eclipse.papyrus.sysml14.portsandflows.internal.impl,ItemFlowImpl,204,0,40,0,53,0,34,0,12,0
org.eclipse.papyrus.sysml14,org.eclipse.papyrus.sysml14.portsandflows.internal.impl,ProxyPortImpl,118,0,22,0,33,0,20,0,9,0
org.eclipse.papyrus.sysml14,org.eclipse.papyrus.sysml14.portsandflows.internal.impl,PortsandflowsFactoryImpl,233,18,25,2,51,7,37,3,18,3
org.eclipse.papyrus.sysml14,org.eclipse.papyrus.sysml14.portsandflows.internal.impl,PortsandflowsPackageImpl,20,1034,9,13,1,160,10,36,1,34
org.eclipse.papyrus.sysml14,org.eclipse.papyrus.sysml14.portsandflows.internal.impl,InterfaceBlockImpl,5,0,0,0,3,0,2,0,2,0
org.eclipse.papyrus.sysml14,org.eclipse.papyrus.sysml14.portsandflows.internal.impl,DirectedFeatureImpl,200,0,34,0,53,0,32,0,13,0
org.eclipse.papyrus.sysml14,org.eclipse.papyrus.sysml14.portsandflows.internal.impl,InvocationOnNestedPortActionImpl,206,0,46,0,51,0,37,0,12,0
org.eclipse.papyrus.sysml14,org.eclipse.papyrus.sysml14.portsandflows.internal.impl,ChangeStructuralFeatureEventImpl,204,0,40,0,53,0,34,0,12,0
org.eclipse.papyrus.sysml14,org.eclipse.papyrus.sysml14.portsandflows.internal.impl,FullPortImpl,118,0,22,0,33,0,20,0,9,0
org.eclipse.papyrus.sysml14,org.eclipse.papyrus.sysml14.modelelements.util,ModelelementsAdapterFactory.new ModelelementsSwitch() {...},42,0,0,0,11,0,10,0,10,0
org.eclipse.papyrus.sysml14,org.eclipse.papyrus.sysml14.modelelements.util,ModelelementsAdapterFactory,58,0,8,0,21,0,16,0,12,0
org.eclipse.papyrus.sysml14,org.eclipse.papyrus.sysml14.modelelements.util,ModelelementsSwitch,158,0,29,0,48,0,30,0,12,0
org.eclipse.papyrus.sysml14,org.eclipse.papyrus.sysml14,Activator,0,3,0,0,0,1,0,1,0,1
org.eclipse.papyrus.sysml14,org.eclipse.papyrus.sysml14.definition.internal.impl,SysmlPackageImpl,23,290,12,12,4,72,13,6,1,6
org.eclipse.papyrus.sysml14,org.eclipse.papyrus.sysml14.definition.internal.impl,SysmlFactoryImpl,35,14,1,1,8,5,5,2,4,2
org.eclipse.papyrus.sysml14,org.eclipse.papyrus.sysml14.allocations,AllocationsPackage,0,3,0,0,0,2,0,1,0,1
org.eclipse.papyrus.sysml14,org.eclipse.papyrus.sysml14.allocations,AllocationsPackage.Literals,19,0,0,0,6,0,1,0,1,0
org.eclipse.papyrus.sysml14,org.eclipse.papyrus.sysml14.allocations,AllocationsFactory,0,3,0,0,0,1,0,1,0,1
org.eclipse.papyrus.sysml14,org.eclipse.papyrus.sysml14.requirements,RequirementsFactoryCustomImpl,0,7,0,0,0,2,0,2,0,2
org.eclipse.papyrus.sysml14,org.eclipse.papyrus.sysml14.requirements,RequirementCustomImpl,1,375,18,40,1,87,19,19,1,8
org.eclipse.papyrus.sysml14,org.eclipse.papyrus.sysml14.requirements,RequirementsPackage,0,3,0,0,0,2,0,1,0,1
org.eclipse.papyrus.sysml14,org.eclipse.papyrus.sysml14.requirements,RequirementsFactory,0,3,0,0,0,1,0,1,0,1
org.eclipse.papyrus.sysml14,org.eclipse.papyrus.sysml14.requirements,RequirementsPackage.Literals,0,79,0,0,0,26,0,1,0,1
org.eclipse.papyrus.sysml14,org.eclipse.papyrus.sysml14.blocks,BoundReferenceCustomImpl,7,41,3,3,2,10,3,2,0,2
org.eclipse.papyrus.sysml14,org.eclipse.papyrus.sysml14.blocks,BlocksPackage,0,3,0,0,0,2,0,1,0,1
org.eclipse.papyrus.sysml14,org.eclipse.papyrus.sysml14.blocks,BlockCustomImpl,0,142,7,15,0,29,7,8,0,4
org.eclipse.papyrus.sysml14,org.eclipse.papyrus.sysml14.blocks,BlocksPackage.Literals,0,136,0,0,0,45,0,1,0,1
org.eclipse.papyrus.sysml14,org.eclipse.papyrus.sysml14.blocks,BlocksFactoryCustomImpl,0,11,0,0,0,3,0,3,0,3
org.eclipse.papyrus.sysml14,org.eclipse.papyrus.sysml14.blocks,BlocksFactory,0,3,0,0,0,1,0,1,0,1
org.eclipse.papyrus.sysml14,org.eclipse.papyrus.sysml14.definition,SysmlPackage,0,3,0,0,0,1,0,1,0,1
org.eclipse.papyrus.sysml14,org.eclipse.papyrus.sysml14.definition,SysmlFactory,0,3,0,0,0,1,0,1,0,1
org.eclipse.papyrus.sysml14,org.eclipse.papyrus.sysml14.requirements.util,RequirementsAdapterFactory.new RequirementsSwitch() {...},46,0,0,0,12,0,11,0,11,0
org.eclipse.papyrus.sysml14,org.eclipse.papyrus.sysml14.requirements.util,RequirementsSwitch,220,0,49,0,59,0,41,0,13,0
org.eclipse.papyrus.sysml14,org.eclipse.papyrus.sysml14.requirements.util,RequirementsAdapterFactory,60,0,8,0,22,0,17,0,13,0
org.eclipse.papyrus.sysml14,org.eclipse.papyrus.sysml14.requirements.internal.impl,RequirementsPackageImpl,20,1074,9,13,1,156,10,34,1,32
org.eclipse.papyrus.sysml14,org.eclipse.papyrus.sysml14.requirements.internal.impl,VerifyImpl,23,5,2,0,5,3,3,2,2,2
org.eclipse.papyrus.sysml14,org.eclipse.papyrus.sysml14.requirements.internal.impl,TestCaseImpl,161,43,36,4,40,13,29,5,7,5
org.eclipse.papyrus.sysml14,org.eclipse.papyrus.sysml14.requirements.internal.impl,DeriveReqtImpl,0,5,0,0,0,3,0,2,0,2
org.eclipse.papyrus.sysml14,org.eclipse.papyrus.sysml14.requirements.internal.impl,CopyImpl,0,5,0,0,0,3,0,2,0,2
org.eclipse.papyrus.sysml14,org.eclipse.papyrus.sysml14.requirements.internal.impl,TraceImpl,95,46,19,5,24,14,18,5,7,4
org.eclipse.papyrus.sysml14,org.eclipse.papyrus.sysml14.requirements.internal.impl,SatisfyImpl,23,5,2,0,5,3,3,2,2,2
org.eclipse.papyrus.sysml14,org.eclipse.papyrus.sysml14.requirements.internal.impl,RefineImpl,141,0,24,0,38,0,23,0,11,0
org.eclipse.papyrus.sysml14,org.eclipse.papyrus.sysml14.requirements.internal.impl,RequirementImpl,612,59,145,7,141,17,118,7,25,6
org.eclipse.papyrus.sysml14,org.eclipse.papyrus.sysml14.requirements.internal.impl,RequirementsFactoryImpl,52,63,4,7,14,22,9,13,5,8
org.eclipse.papyrus.sysml14,org.eclipse.papyrus.sysml14.constraintblocks.internal.impl,ConstraintblocksFactoryImpl,34,18,2,2,8,7,5,3,3,3
org.eclipse.papyrus.sysml14,org.eclipse.papyrus.sysml14.constraintblocks.internal.impl,ConstraintblocksPackageImpl,20,259,9,13,1,63,10,10,1,8
org.eclipse.papyrus.sysml14,org.eclipse.papyrus.sysml14.constraintblocks.internal.impl,ConstraintBlockImpl,14,5,2,0,4,3,3,2,2,2
org.eclipse.papyrus.sysml14,org.eclipse.papyrus.sysml14.portsandflows,PortsandflowsPackage.Literals,0,85,0,0,0,28,0,1,0,1
org.eclipse.papyrus.sysml14,org.eclipse.papyrus.sysml14.portsandflows,FlowDirection,60,101,12,0,16,19,12,6,5,6
org.eclipse.papyrus.sysml14,org.eclipse.papyrus.sysml14.portsandflows,PortsandflowsFactory,0,3,0,0,0,1,0,1,0,1
org.eclipse.papyrus.sysml14,org.eclipse.papyrus.sysml14.portsandflows,FeatureDirection,76,85,12,0,17,18,13,5,6,5
org.eclipse.papyrus.sysml14,org.eclipse.papyrus.sysml14.portsandflows,PortsandflowsCustomFactoryImpl,0,7,0,0,0,2,0,2,0,2
org.eclipse.papyrus.sysml14,org.eclipse.papyrus.sysml14.portsandflows,FlowPropertyCustomImpl,6,43,2,4,1,13,2,4,0,2
org.eclipse.papyrus.sysml14,org.eclipse.papyrus.sysml14.portsandflows,PortsandflowsPackage,0,3,0,0,0,2,0,1,0,1
org.eclipse.papyrus.sysml14,org.eclipse.papyrus.sysml14.constraintblocks,ConstraintblocksFactory,0,3,0,0,0,1,0,1,0,1
org.eclipse.papyrus.sysml14,org.eclipse.papyrus.sysml14.constraintblocks,ConstraintBlocksFactoryCustomImpl,0,7,0,0,0,2,0,2,0,2
org.eclipse.papyrus.sysml14,org.eclipse.papyrus.sysml14.constraintblocks,ConstraintblocksPackage.Literals,0,7,0,0,0,2,0,1,0,1
org.eclipse.papyrus.sysml14,org.eclipse.papyrus.sysml14.constraintblocks,ConstraintblocksPackage,0,3,0,0,0,2,0,1,0,1
org.eclipse.papyrus.sysml14,org.eclipse.papyrus.sysml14.constraintblocks,ConstraintBlockCustomImpl,0,47,1,5,0,10,1,4,0,2
org.eclipse.papyrus.sysml14,org.eclipse.papyrus.sysml14.deprecatedelements.util,DeprecatedelementsAdapterFactory,46,0,8,0,15,0,10,0,6,0
org.eclipse.papyrus.sysml14,org.eclipse.papyrus.sysml14.deprecatedelements.util,DeprecatedelementsAdapterFactory.new DeprecatedelementsSwitch() {...},18,0,0,0,5,0,4,0,4,0
org.eclipse.papyrus.sysml14,org.eclipse.papyrus.sysml14.deprecatedelements.util,DeprecatedelementsSwitch,56,0,11,0,18,0,12,0,6,0
org.eclipse.papyrus.sysml14,org.eclipse.papyrus.sysml14.util,SysMLResource,19,113,5,13,5,28,7,9,3,4
org.eclipse.papyrus.sysml14,org.eclipse.papyrus.sysml14.util,QUDVUtil,50,0,4,0,12,0,5,0,3,0
org.eclipse.papyrus.sysml14,org.eclipse.papyrus.sysml14.util,DeprecatedElementUtil,5,43,4,6,3,7,5,2,1,1
org.eclipse.papyrus.sysml14,org.eclipse.papyrus.sysml14.activities.internal.impl,OptionalImpl,118,0,22,0,33,0,20,0,9,0
org.eclipse.papyrus.sysml14,org.eclipse.papyrus.sysml14.activities.internal.impl,OverwriteImpl,118,0,22,0,33,0,20,0,9,0
org.eclipse.papyrus.sysml14,org.eclipse.papyrus.sysml14.activities.internal.impl,DiscreteImpl,5,0,0,0,3,0,2,0,2,0
org.eclipse.papyrus.sysml14,org.eclipse.papyrus.sysml14.activities.internal.impl,ActivitiesPackageImpl,41,771,9,13,8,117,17,21,8,19
org.eclipse.papyrus.sysml14,org.eclipse.papyrus.sysml14.activities.internal.impl,ContinuousImpl,5,0,0,0,3,0,2,0,2,0
org.eclipse.papyrus.sysml14,org.eclipse.papyrus.sysml14.activities.internal.impl,ProbabilityImpl,290,0,58,0,73,0,48,0,15,0
org.eclipse.papyrus.sysml14,org.eclipse.papyrus.sysml14.activities.internal.impl,NoBufferImpl,118,0,22,0,33,0,20,0,9,0
org.eclipse.papyrus.sysml14,org.eclipse.papyrus.sysml14.activities.internal.impl,ActivitiesFactoryImpl,101,14,10,1,31,5,20,2,11,2
org.eclipse.papyrus.sysml14,org.eclipse.papyrus.sysml14.activities.internal.impl,RateImpl,376,0,76,0,93,0,62,0,18,0
org.eclipse.papyrus.sysml14,org.eclipse.papyrus.sysml14.activities.internal.impl,ControlOperatorImpl,204,0,40,0,53,0,34,0,12,0
org.eclipse.papyrus.sysml14,org.eclipse.papyrus.sysml14.activities.util,ActivitiesAdapterFactory,58,0,8,0,21,0,16,0,12,0
org.eclipse.papyrus.sysml14,org.eclipse.papyrus.sysml14.activities.util,ActivitiesSwitch,170,0,33,0,50,0,32,0,12,0
org.eclipse.papyrus.sysml14,org.eclipse.papyrus.sysml14.activities.util,ActivitiesAdapterFactory.new ActivitiesSwitch() {...},42,0,0,0,11,0,10,0,10,0
org.eclipse.papyrus.sysml14,org.eclipse.papyrus.sysml14.allocations.util,AllocationsSwitch,64,0,13,0,20,0,14,0,7,0
org.eclipse.papyrus.sysml14,org.eclipse.papyrus.sysml14.allocations.util,AllocationsAdapterFactory,48,0,8,0,16,0,11,0,7,0
org.eclipse.papyrus.sysml14,org.eclipse.papyrus.sysml14.allocations.util,AllocationsAdapterFactory.new AllocationsSwitch() {...},22,0,0,0,6,0,5,0,5,0
org.eclipse.papyrus.sysml14,org.eclipse.papyrus.sysml14.allocations.internal.impl,AllocationsFactoryImpl,47,14,4,1,13,5,8,2,5,2
org.eclipse.papyrus.sysml14,org.eclipse.papyrus.sysml14.allocations.internal.impl,AllocateImpl,157,0,25,0,41,0,25,0,12,0
org.eclipse.papyrus.sysml14,org.eclipse.papyrus.sysml14.allocations.internal.impl,AllocationsPackageImpl,26,408,9,13,3,78,12,12,3,10
org.eclipse.papyrus.sysml14,org.eclipse.papyrus.sysml14.allocations.internal.impl,AllocateActivityPartitionImpl,118,0,22,0,33,0,20,0,9,0
org.eclipse.papyrus.sysml14,org.eclipse.papyrus.sysml14.modelelements.internal.impl,ViewImpl,142,53,34,6,37,15,31,6,7,6
org.eclipse.papyrus.sysml14,org.eclipse.papyrus.sysml14.modelelements.internal.impl,ConformImpl,75,43,18,4,20,13,15,5,4,5
org.eclipse.papyrus.sysml14,org.eclipse.papyrus.sysml14.modelelements.internal.impl,ElementGroupImpl,355,51,69,4,86,17,66,6,18,6
org.eclipse.papyrus.sysml14,org.eclipse.papyrus.sysml14.modelelements.internal.impl,RationaleImpl,118,0,22,0,33,0,20,0,9,0
org.eclipse.papyrus.sysml14,org.eclipse.papyrus.sysml14.modelelements.internal.impl,StakeholderImpl,137,52,33,5,35,16,27,7,5,6
org.eclipse.papyrus.sysml14,org.eclipse.papyrus.sysml14.modelelements.internal.impl,ExposeImpl,118,0,22,0,33,0,20,0,9,0
org.eclipse.papyrus.sysml14,org.eclipse.papyrus.sysml14.modelelements.internal.impl,ModelelementsFactoryImpl,79,36,5,6,23,13,14,8,9,4
org.eclipse.papyrus.sysml14,org.eclipse.papyrus.sysml14.modelelements.internal.impl,ProblemImpl,118,0,22,0,33,0,20,0,9,0
org.eclipse.papyrus.sysml14,org.eclipse.papyrus.sysml14.modelelements.internal.impl,ViewpointImpl,410,85,92,10,97,24,74,12,12,9
org.eclipse.papyrus.sysml14,org.eclipse.papyrus.sysml14.modelelements.internal.impl,ModelelementsPackageImpl,20,1322,9,13,1,176,10,44,1,42
org.eclipse.papyrus.sysml14,org.eclipse.papyrus.sysml14.blocks.util,BlocksSwitch,272,0,51,0,80,0,50,0,18,0
org.eclipse.papyrus.sysml14,org.eclipse.papyrus.sysml14.blocks.util,BlocksAdapterFactory.new BlocksSwitch() {...},66,0,0,0,17,0,16,0,16,0
org.eclipse.papyrus.sysml14,org.eclipse.papyrus.sysml14.blocks.util,BlocksAdapterFactory,70,0,8,0,27,0,22,0,18,0
org.eclipse.papyrus.sysml14,org.eclipse.papyrus.sysml14.activities,ActivitiesPackage,0,3,0,0,0,2,0,1,0,1
org.eclipse.papyrus.sysml14,org.eclipse.papyrus.sysml14.activities,ActivitiesPackage.Literals,61,0,0,0,20,0,1,0,1,0
org.eclipse.papyrus.sysml14,org.eclipse.papyrus.sysml14.activities,ActivitiesFactory,0,3,0,0,0,1,0,1,0,1
org.eclipse.papyrus.sysml14,org.eclipse.papyrus.sysml14.deprecatedelements,DeprecatedelementsPackage,0,3,0,0,0,2,0,1,0,1
org.eclipse.papyrus.sysml14,org.eclipse.papyrus.sysml14.deprecatedelements,DeprecatedelementsPackage.Literals,0,25,0,0,0,8,0,1,0,1
org.eclipse.papyrus.sysml14,org.eclipse.papyrus.sysml14.deprecatedelements,FlowSpecificationCustomImpl,0,44,2,4,0,9,2,3,0,2
org.eclipse.papyrus.sysml14,org.eclipse.papyrus.sysml14.deprecatedelements,DeprecatedelementsCustomFactoryImpl,0,11,0,0,0,3,0,3,0,3
org.eclipse.papyrus.sysml14,org.eclipse.papyrus.sysml14.deprecatedelements,FlowPortCustomImpl,6,68,4,10,1,21,4,7,0,3
org.eclipse.papyrus.sysml14,org.eclipse.papyrus.sysml14.deprecatedelements,DeprecatedelementsFactory,0,3,0,0,0,1,0,1,0,1
